c:\users\jayur\desktop\catchmindserver\release\catchmindserver.ipdb
c:\users\jayur\desktop\catchmindserver\release\catchmindserver.iobj
c:\users\jayur\desktop\catchmindserver\catchmindserver\release\vc142.pdb
c:\users\jayur\desktop\catchmindserver\catchmindserver\release\rank.obj
c:\users\jayur\desktop\catchmindserver\catchmindserver\release\functions.obj
c:\users\jayur\desktop\catchmindserver\catchmindserver\release\clientinfo.obj
c:\users\jayur\desktop\catchmindserver\catchmindserver\release\winsockudpserver.obj
c:\users\jayur\desktop\catchmindserver\catchmindserver\release\winsocktcpserver.obj
c:\users\jayur\desktop\catchmindserver\catchmindserver\release\winsock.obj
c:\users\jayur\desktop\catchmindserver\catchmindserver\release\main.obj
c:\users\jayur\desktop\catchmindserver\catchmindserver\release\winsockudpmulticastsender.obj
c:\users\jayur\desktop\catchmindserver\release\catchmindserver.exe
c:\users\jayur\desktop\catchmindserver\release\catchmindserver.pdb
c:\users\jayur\desktop\catchmindserver\catchmindserver\release\catchmindserver.tlog\catchmindserver.write.1u.tlog
c:\users\jayur\desktop\catchmindserver\catchmindserver\release\catchmindserver.tlog\cl.command.1.tlog
c:\users\jayur\desktop\catchmindserver\catchmindserver\release\catchmindserver.tlog\cl.read.1.tlog
c:\users\jayur\desktop\catchmindserver\catchmindserver\release\catchmindserver.tlog\cl.write.1.tlog
c:\users\jayur\desktop\catchmindserver\catchmindserver\release\catchmindserver.tlog\link.command.1.tlog
c:\users\jayur\desktop\catchmindserver\catchmindserver\release\catchmindserver.tlog\link.delete.1.tlog
c:\users\jayur\desktop\catchmindserver\catchmindserver\release\catchmindserver.tlog\link.read.1.tlog
c:\users\jayur\desktop\catchmindserver\catchmindserver\release\catchmindserver.tlog\link.write.1.tlog
